2026-06-26 15:44:59 [ERROR]: MongoDB connection error: connect ECONNREFUSED 127.0.0.1:27017
MongooseServerSelectionError: connect ECONNREFUSED 127.0.0.1:27017
    at _handleConnectionErrors (/home/selva/Downloads/projects/AI Business Os/server/node_modules/mongoose/lib/connection.js:1169:11)
    at NativeConnection.openUri (/home/selva/Downloads/projects/AI Business Os/server/node_modules/mongoose/lib/connection.js:1100:11)
    at async connectDB (/home/selva/Downloads/projects/AI Business Os/server/src/config/db.js:7:18)
    at async startServer (/home/selva/Downloads/projects/AI Business Os/server/src/app.js:86:3)
2026-06-26 15:47:21 [ERROR]: MongoDB connection error: connect ECONNREFUSED 127.0.0.1:27017
MongooseServerSelectionError: connect ECONNREFUSED 127.0.0.1:27017
    at _handleConnectionErrors (/home/selva/Downloads/projects/AI Business Os/server/node_modules/mongoose/lib/connection.js:1169:11)
    at NativeConnection.openUri (/home/selva/Downloads/projects/AI Business Os/server/node_modules/mongoose/lib/connection.js:1100:11)
    at async connectDB (/home/selva/Downloads/projects/AI Business Os/server/src/config/db.js:7:18)
    at async startServer (/home/selva/Downloads/projects/AI Business Os/server/src/app.js:86:3)
2026-06-26 15:53:06 [ERROR]: MongoDB connection error: connect ECONNREFUSED 127.0.0.1:27017
MongooseServerSelectionError: connect ECONNREFUSED 127.0.0.1:27017
    at _handleConnectionErrors (/home/selva/Downloads/projects/AI Business Os/server/node_modules/mongoose/lib/connection.js:1169:11)
    at NativeConnection.openUri (/home/selva/Downloads/projects/AI Business Os/server/node_modules/mongoose/lib/connection.js:1100:11)
    at async connectDB (/home/selva/Downloads/projects/AI Business Os/server/src/config/db.js:7:18)
    at async startServer (/home/selva/Downloads/projects/AI Business Os/server/src/app.js:86:3)
2026-06-26 16:13:21 [ERROR]: Invalid email or password
Error: Invalid email or password
    at Object.login (/home/selva/Downloads/projects/AI Business Os/server/src/services/auth.service.js:73:11)
    at async login (/home/selva/Downloads/projects/AI Business Os/server/src/controllers/auth.controller.js:16:20)
2026-06-26 17:18:05 [ERROR]: Invalid or expired refresh token
Error: Invalid or expired refresh token
    at Object.refreshToken (/home/selva/Downloads/projects/AI Business Os/server/src/services/auth.service.js:87:11)
    at refreshToken (/home/selva/Downloads/projects/AI Business Os/server/src/controllers/auth.controller.js:28:38)
    at Layer.handle [as handle_request] (/home/selva/Downloads/projects/AI Business Os/server/node_modules/express/lib/router/layer.js:95:5)
    at next (/home/selva/Downloads/projects/AI Business Os/server/node_modules/express/lib/router/route.js:149:13)
    at /home/selva/Downloads/projects/AI Business Os/server/src/middleware/validate.js:11:5
    at Layer.handle [as handle_request] (/home/selva/Downloads/projects/AI Business Os/server/node_modules/express/lib/router/layer.js:95:5)
    at next (/home/selva/Downloads/projects/AI Business Os/server/node_modules/express/lib/router/route.js:149:13)
    at Route.dispatch (/home/selva/Downloads/projects/AI Business Os/server/node_modules/express/lib/router/route.js:119:3)
    at Layer.handle [as handle_request] (/home/selva/Downloads/projects/AI Business Os/server/node_modules/express/lib/router/layer.js:95:5)
    at /home/selva/Downloads/projects/AI Business Os/server/node_modules/express/lib/router/index.js:284:15
2026-06-26 17:24:31 [ERROR]: Invalid or expired refresh token
Error: Invalid or expired refresh token
    at Object.refreshToken (/home/selva/Downloads/projects/AI Business Os/server/src/services/auth.service.js:87:11)
    at refreshToken (/home/selva/Downloads/projects/AI Business Os/server/src/controllers/auth.controller.js:28:38)
    at Layer.handle [as handle_request] (/home/selva/Downloads/projects/AI Business Os/server/node_modules/express/lib/router/layer.js:95:5)
    at next (/home/selva/Downloads/projects/AI Business Os/server/node_modules/express/lib/router/route.js:149:13)
    at /home/selva/Downloads/projects/AI Business Os/server/src/middleware/validate.js:11:5
    at Layer.handle [as handle_request] (/home/selva/Downloads/projects/AI Business Os/server/node_modules/express/lib/router/layer.js:95:5)
    at next (/home/selva/Downloads/projects/AI Business Os/server/node_modules/express/lib/router/route.js:149:13)
    at Route.dispatch (/home/selva/Downloads/projects/AI Business Os/server/node_modules/express/lib/router/route.js:119:3)
    at Layer.handle [as handle_request] (/home/selva/Downloads/projects/AI Business Os/server/node_modules/express/lib/router/layer.js:95:5)
    at /home/selva/Downloads/projects/AI Business Os/server/node_modules/express/lib/router/index.js:284:15
2026-06-26 17:26:32 [ERROR]: Invalid or expired refresh token
Error: Invalid or expired refresh token
    at Object.refreshToken (/home/selva/Downloads/projects/AI Business Os/server/src/services/auth.service.js:87:11)
    at refreshToken (/home/selva/Downloads/projects/AI Business Os/server/src/controllers/auth.controller.js:28:38)
    at Layer.handle [as handle_request] (/home/selva/Downloads/projects/AI Business Os/server/node_modules/express/lib/router/layer.js:95:5)
    at next (/home/selva/Downloads/projects/AI Business Os/server/node_modules/express/lib/router/route.js:149:13)
    at /home/selva/Downloads/projects/AI Business Os/server/src/middleware/validate.js:11:5
    at Layer.handle [as handle_request] (/home/selva/Downloads/projects/AI Business Os/server/node_modules/express/lib/router/layer.js:95:5)
    at next (/home/selva/Downloads/projects/AI Business Os/server/node_modules/express/lib/router/route.js:149:13)
    at Route.dispatch (/home/selva/Downloads/projects/AI Business Os/server/node_modules/express/lib/router/route.js:119:3)
    at Layer.handle [as handle_request] (/home/selva/Downloads/projects/AI Business Os/server/node_modules/express/lib/router/layer.js:95:5)
    at /home/selva/Downloads/projects/AI Business Os/server/node_modules/express/lib/router/index.js:284:15
2026-06-26 17:30:55 [ERROR]: Invalid or expired refresh token
Error: Invalid or expired refresh token
    at Object.refreshToken (/home/selva/Downloads/projects/AI Business Os/server/src/services/auth.service.js:87:11)
    at refreshToken (/home/selva/Downloads/projects/AI Business Os/server/src/controllers/auth.controller.js:28:38)
    at Layer.handle [as handle_request] (/home/selva/Downloads/projects/AI Business Os/server/node_modules/express/lib/router/layer.js:95:5)
    at next (/home/selva/Downloads/projects/AI Business Os/server/node_modules/express/lib/router/route.js:149:13)
    at /home/selva/Downloads/projects/AI Business Os/server/src/middleware/validate.js:11:5
    at Layer.handle [as handle_request] (/home/selva/Downloads/projects/AI Business Os/server/node_modules/express/lib/router/layer.js:95:5)
    at next (/home/selva/Downloads/projects/AI Business Os/server/node_modules/express/lib/router/route.js:149:13)
    at Route.dispatch (/home/selva/Downloads/projects/AI Business Os/server/node_modules/express/lib/router/route.js:119:3)
    at Layer.handle [as handle_request] (/home/selva/Downloads/projects/AI Business Os/server/node_modules/express/lib/router/layer.js:95:5)
    at /home/selva/Downloads/projects/AI Business Os/server/node_modules/express/lib/router/index.js:284:15
2026-06-26 18:16:21 [ERROR]: Invalid email or password
Error: Invalid email or password
    at Object.login (/home/selva/Downloads/projects/AI Business Os/server/src/services/auth.service.js:73:11)
    at async login (/home/selva/Downloads/projects/AI Business Os/server/src/controllers/auth.controller.js:16:20)
2026-06-26 18:16:31 [ERROR]: Invalid email or password
Error: Invalid email or password
    at Object.login (/home/selva/Downloads/projects/AI Business Os/server/src/services/auth.service.js:73:11)
    at async login (/home/selva/Downloads/projects/AI Business Os/server/src/controllers/auth.controller.js:16:20)
2026-06-26 18:17:08 [ERROR]: Invalid email or password
Error: Invalid email or password
    at Object.login (/home/selva/Downloads/projects/AI Business Os/server/src/services/auth.service.js:73:11)
    at async login (/home/selva/Downloads/projects/AI Business Os/server/src/controllers/auth.controller.js:16:20)
2026-06-26 18:17:17 [ERROR]: Invalid email or password
Error: Invalid email or password
    at Object.login (/home/selva/Downloads/projects/AI Business Os/server/src/services/auth.service.js:73:11)
    at async login (/home/selva/Downloads/projects/AI Business Os/server/src/controllers/auth.controller.js:16:20)
2026-06-26 18:19:31 [ERROR]: Invalid or expired refresh token
Error: Invalid or expired refresh token
    at Object.refreshToken (/home/selva/Downloads/projects/AI Business Os/server/src/services/auth.service.js:87:11)
    at refreshToken (/home/selva/Downloads/projects/AI Business Os/server/src/controllers/auth.controller.js:28:38)
    at Layer.handle [as handle_request] (/home/selva/Downloads/projects/AI Business Os/server/node_modules/express/lib/router/layer.js:95:5)
    at next (/home/selva/Downloads/projects/AI Business Os/server/node_modules/express/lib/router/route.js:149:13)
    at /home/selva/Downloads/projects/AI Business Os/server/src/middleware/validate.js:11:5
    at Layer.handle [as handle_request] (/home/selva/Downloads/projects/AI Business Os/server/node_modules/express/lib/router/layer.js:95:5)
    at next (/home/selva/Downloads/projects/AI Business Os/server/node_modules/express/lib/router/route.js:149:13)
    at Route.dispatch (/home/selva/Downloads/projects/AI Business Os/server/node_modules/express/lib/router/route.js:119:3)
    at Layer.handle [as handle_request] (/home/selva/Downloads/projects/AI Business Os/server/node_modules/express/lib/router/layer.js:95:5)
    at /home/selva/Downloads/projects/AI Business Os/server/node_modules/express/lib/router/index.js:284:15
2026-06-26 18:23:06 [ERROR]: Invalid or expired refresh token
Error: Invalid or expired refresh token
    at Object.refreshToken (/home/selva/Downloads/projects/AI Business Os/server/src/services/auth.service.js:87:11)
    at refreshToken (/home/selva/Downloads/projects/AI Business Os/server/src/controllers/auth.controller.js:28:38)
    at Layer.handle [as handle_request] (/home/selva/Downloads/projects/AI Business Os/server/node_modules/express/lib/router/layer.js:95:5)
    at next (/home/selva/Downloads/projects/AI Business Os/server/node_modules/express/lib/router/route.js:149:13)
    at /home/selva/Downloads/projects/AI Business Os/server/src/middleware/validate.js:11:5
    at Layer.handle [as handle_request] (/home/selva/Downloads/projects/AI Business Os/server/node_modules/express/lib/router/layer.js:95:5)
    at next (/home/selva/Downloads/projects/AI Business Os/server/node_modules/express/lib/router/route.js:149:13)
    at Route.dispatch (/home/selva/Downloads/projects/AI Business Os/server/node_modules/express/lib/router/route.js:119:3)
    at Layer.handle [as handle_request] (/home/selva/Downloads/projects/AI Business Os/server/node_modules/express/lib/router/layer.js:95:5)
    at /home/selva/Downloads/projects/AI Business Os/server/node_modules/express/lib/router/index.js:284:15
2026-06-26 18:24:55 [ERROR]: Invalid or expired refresh token
Error: Invalid or expired refresh token
    at Object.refreshToken (/home/selva/Downloads/projects/AI Business Os/server/src/services/auth.service.js:87:11)
    at refreshToken (/home/selva/Downloads/projects/AI Business Os/server/src/controllers/auth.controller.js:28:38)
    at Layer.handle [as handle_request] (/home/selva/Downloads/projects/AI Business Os/server/node_modules/express/lib/router/layer.js:95:5)
    at next (/home/selva/Downloads/projects/AI Business Os/server/node_modules/express/lib/router/route.js:149:13)
    at /home/selva/Downloads/projects/AI Business Os/server/src/middleware/validate.js:11:5
    at Layer.handle [as handle_request] (/home/selva/Downloads/projects/AI Business Os/server/node_modules/express/lib/router/layer.js:95:5)
    at next (/home/selva/Downloads/projects/AI Business Os/server/node_modules/express/lib/router/route.js:149:13)
    at Route.dispatch (/home/selva/Downloads/projects/AI Business Os/server/node_modules/express/lib/router/route.js:119:3)
    at Layer.handle [as handle_request] (/home/selva/Downloads/projects/AI Business Os/server/node_modules/express/lib/router/layer.js:95:5)
    at /home/selva/Downloads/projects/AI Business Os/server/node_modules/express/lib/router/index.js:284:15
2026-06-26 18:27:17 [ERROR]: Invalid or expired refresh token
Error: Invalid or expired refresh token
    at Object.refreshToken (/home/selva/Downloads/projects/AI Business Os/server/src/services/auth.service.js:87:11)
    at refreshToken (/home/selva/Downloads/projects/AI Business Os/server/src/controllers/auth.controller.js:28:38)
    at Layer.handle [as handle_request] (/home/selva/Downloads/projects/AI Business Os/server/node_modules/express/lib/router/layer.js:95:5)
    at next (/home/selva/Downloads/projects/AI Business Os/server/node_modules/express/lib/router/route.js:149:13)
    at /home/selva/Downloads/projects/AI Business Os/server/src/middleware/validate.js:11:5
    at Layer.handle [as handle_request] (/home/selva/Downloads/projects/AI Business Os/server/node_modules/express/lib/router/layer.js:95:5)
    at next (/home/selva/Downloads/projects/AI Business Os/server/node_modules/express/lib/router/route.js:149:13)
    at Route.dispatch (/home/selva/Downloads/projects/AI Business Os/server/node_modules/express/lib/router/route.js:119:3)
    at Layer.handle [as handle_request] (/home/selva/Downloads/projects/AI Business Os/server/node_modules/express/lib/router/layer.js:95:5)
    at /home/selva/Downloads/projects/AI Business Os/server/node_modules/express/lib/router/index.js:284:15
2026-06-26 18:30:18 [ERROR]: Invalid or expired refresh token
Error: Invalid or expired refresh token
    at Object.refreshToken (/home/selva/Downloads/projects/AI Business Os/server/src/services/auth.service.js:87:11)
    at refreshToken (/home/selva/Downloads/projects/AI Business Os/server/src/controllers/auth.controller.js:28:38)
    at Layer.handle [as handle_request] (/home/selva/Downloads/projects/AI Business Os/server/node_modules/express/lib/router/layer.js:95:5)
    at next (/home/selva/Downloads/projects/AI Business Os/server/node_modules/express/lib/router/route.js:149:13)
    at /home/selva/Downloads/projects/AI Business Os/server/src/middleware/validate.js:11:5
    at Layer.handle [as handle_request] (/home/selva/Downloads/projects/AI Business Os/server/node_modules/express/lib/router/layer.js:95:5)
    at next (/home/selva/Downloads/projects/AI Business Os/server/node_modules/express/lib/router/route.js:149:13)
    at Route.dispatch (/home/selva/Downloads/projects/AI Business Os/server/node_modules/express/lib/router/route.js:119:3)
    at Layer.handle [as handle_request] (/home/selva/Downloads/projects/AI Business Os/server/node_modules/express/lib/router/layer.js:95:5)
    at /home/selva/Downloads/projects/AI Business Os/server/node_modules/express/lib/router/index.js:284:15
2026-06-26 18:30:54 [ERROR]: Invalid or expired refresh token
Error: Invalid or expired refresh token
    at Object.refreshToken (/home/selva/Downloads/projects/AI Business Os/server/src/services/auth.service.js:87:11)
    at refreshToken (/home/selva/Downloads/projects/AI Business Os/server/src/controllers/auth.controller.js:28:38)
    at Layer.handle [as handle_request] (/home/selva/Downloads/projects/AI Business Os/server/node_modules/express/lib/router/layer.js:95:5)
    at next (/home/selva/Downloads/projects/AI Business Os/server/node_modules/express/lib/router/route.js:149:13)
    at /home/selva/Downloads/projects/AI Business Os/server/src/middleware/validate.js:11:5
    at Layer.handle [as handle_request] (/home/selva/Downloads/projects/AI Business Os/server/node_modules/express/lib/router/layer.js:95:5)
    at next (/home/selva/Downloads/projects/AI Business Os/server/node_modules/express/lib/router/route.js:149:13)
    at Route.dispatch (/home/selva/Downloads/projects/AI Business Os/server/node_modules/express/lib/router/route.js:119:3)
    at Layer.handle [as handle_request] (/home/selva/Downloads/projects/AI Business Os/server/node_modules/express/lib/router/layer.js:95:5)
    at /home/selva/Downloads/projects/AI Business Os/server/node_modules/express/lib/router/index.js:284:15
2026-06-26 18:31:14 [ERROR]: Invalid or expired refresh token
Error: Invalid or expired refresh token
    at Object.refreshToken (/home/selva/Downloads/projects/AI Business Os/server/src/services/auth.service.js:87:11)
    at refreshToken (/home/selva/Downloads/projects/AI Business Os/server/src/controllers/auth.controller.js:28:38)
    at Layer.handle [as handle_request] (/home/selva/Downloads/projects/AI Business Os/server/node_modules/express/lib/router/layer.js:95:5)
    at next (/home/selva/Downloads/projects/AI Business Os/server/node_modules/express/lib/router/route.js:149:13)
    at /home/selva/Downloads/projects/AI Business Os/server/src/middleware/validate.js:11:5
    at Layer.handle [as handle_request] (/home/selva/Downloads/projects/AI Business Os/server/node_modules/express/lib/router/layer.js:95:5)
    at next (/home/selva/Downloads/projects/AI Business Os/server/node_modules/express/lib/router/route.js:149:13)
    at Route.dispatch (/home/selva/Downloads/projects/AI Business Os/server/node_modules/express/lib/router/route.js:119:3)
    at Layer.handle [as handle_request] (/home/selva/Downloads/projects/AI Business Os/server/node_modules/express/lib/router/layer.js:95:5)
    at /home/selva/Downloads/projects/AI Business Os/server/node_modules/express/lib/router/index.js:284:15
2026-06-26 18:32:48 [ERROR]: Invalid or expired refresh token
Error: Invalid or expired refresh token
    at Object.refreshToken (/home/selva/Downloads/projects/AI Business Os/server/src/services/auth.service.js:87:11)
    at refreshToken (/home/selva/Downloads/projects/AI Business Os/server/src/controllers/auth.controller.js:28:38)
    at Layer.handle [as handle_request] (/home/selva/Downloads/projects/AI Business Os/server/node_modules/express/lib/router/layer.js:95:5)
    at next (/home/selva/Downloads/projects/AI Business Os/server/node_modules/express/lib/router/route.js:149:13)
    at /home/selva/Downloads/projects/AI Business Os/server/src/middleware/validate.js:11:5
    at Layer.handle [as handle_request] (/home/selva/Downloads/projects/AI Business Os/server/node_modules/express/lib/router/layer.js:95:5)
    at next (/home/selva/Downloads/projects/AI Business Os/server/node_modules/express/lib/router/route.js:149:13)
    at Route.dispatch (/home/selva/Downloads/projects/AI Business Os/server/node_modules/express/lib/router/route.js:119:3)
    at Layer.handle [as handle_request] (/home/selva/Downloads/projects/AI Business Os/server/node_modules/express/lib/router/layer.js:95:5)
    at /home/selva/Downloads/projects/AI Business Os/server/node_modules/express/lib/router/index.js:284:15
2026-06-26 18:39:32 [ERROR]: Invalid email or password
Error: Invalid email or password
    at Object.login (/home/selva/Downloads/projects/AI Business Os/server/src/services/auth.service.js:64:11)
    at process.processTicksAndRejections (node:internal/process/task_queues:95:5)
    at async login (/home/selva/Downloads/projects/AI Business Os/server/src/controllers/auth.controller.js:16:20)
2026-06-26 18:39:33 [ERROR]: Invalid email or password
Error: Invalid email or password
    at Object.login (/home/selva/Downloads/projects/AI Business Os/server/src/services/auth.service.js:64:11)
    at process.processTicksAndRejections (node:internal/process/task_queues:95:5)
    at async login (/home/selva/Downloads/projects/AI Business Os/server/src/controllers/auth.controller.js:16:20)
2026-06-26 18:39:44 [ERROR]: Invalid email or password
Error: Invalid email or password
    at Object.login (/home/selva/Downloads/projects/AI Business Os/server/src/services/auth.service.js:64:11)
    at process.processTicksAndRejections (node:internal/process/task_queues:95:5)
    at async login (/home/selva/Downloads/projects/AI Business Os/server/src/controllers/auth.controller.js:16:20)
2026-06-26 18:39:44 [ERROR]: Invalid email or password
Error: Invalid email or password
    at Object.login (/home/selva/Downloads/projects/AI Business Os/server/src/services/auth.service.js:64:11)
    at process.processTicksAndRejections (node:internal/process/task_queues:95:5)
    at async login (/home/selva/Downloads/projects/AI Business Os/server/src/controllers/auth.controller.js:16:20)
2026-06-26 18:59:49 [ERROR]: Refresh token mismatch
Error: Refresh token mismatch
    at Object.refreshToken (/home/selva/Downloads/projects/AI Business Os/server/src/services/auth.service.js:97:11)
    at process.processTicksAndRejections (node:internal/process/task_queues:95:5)
    at async refreshToken (/home/selva/Downloads/projects/AI Business Os/server/src/controllers/auth.controller.js:28:20)
2026-06-26 19:04:31 [ERROR]: CORS Error: http://localhost:5000 is not allowed
Error: CORS Error: http://localhost:5000 is not allowed
    at origin (/home/selva/Downloads/projects/AI Business Os/server/src/app.js:83:9)
    at /home/selva/Downloads/projects/AI Business Os/server/node_modules/cors/lib/index.js:219:13
    at optionsCallback (/home/selva/Downloads/projects/AI Business Os/server/node_modules/cors/lib/index.js:199:9)
    at corsMiddleware (/home/selva/Downloads/projects/AI Business Os/server/node_modules/cors/lib/index.js:204:7)
    at Layer.handle [as handle_request] (/home/selva/Downloads/projects/AI Business Os/server/node_modules/express/lib/router/layer.js:95:5)
    at trim_prefix (/home/selva/Downloads/projects/AI Business Os/server/node_modules/express/lib/router/index.js:328:13)
    at /home/selva/Downloads/projects/AI Business Os/server/node_modules/express/lib/router/index.js:286:9
    at Function.process_params (/home/selva/Downloads/projects/AI Business Os/server/node_modules/express/lib/router/index.js:346:12)
    at next (/home/selva/Downloads/projects/AI Business Os/server/node_modules/express/lib/router/index.js:280:10)
    at internalNext (/home/selva/Downloads/projects/AI Business Os/server/node_modules/helmet/index.cjs:537:6)
2026-06-26 19:19:42 [ERROR]: CORS Error: http://localhost:5000 is not allowed
Error: CORS Error: http://localhost:5000 is not allowed
    at origin (/home/selva/Downloads/projects/AI Business Os/server/src/app.js:83:9)
    at /home/selva/Downloads/projects/AI Business Os/server/node_modules/cors/lib/index.js:219:13
    at optionsCallback (/home/selva/Downloads/projects/AI Business Os/server/node_modules/cors/lib/index.js:199:9)
    at corsMiddleware (/home/selva/Downloads/projects/AI Business Os/server/node_modules/cors/lib/index.js:204:7)
    at Layer.handle [as handle_request] (/home/selva/Downloads/projects/AI Business Os/server/node_modules/express/lib/router/layer.js:95:5)
    at trim_prefix (/home/selva/Downloads/projects/AI Business Os/server/node_modules/express/lib/router/index.js:328:13)
    at /home/selva/Downloads/projects/AI Business Os/server/node_modules/express/lib/router/index.js:286:9
    at Function.process_params (/home/selva/Downloads/projects/AI Business Os/server/node_modules/express/lib/router/index.js:346:12)
    at next (/home/selva/Downloads/projects/AI Business Os/server/node_modules/express/lib/router/index.js:280:10)
    at internalNext (/home/selva/Downloads/projects/AI Business Os/server/node_modules/helmet/index.cjs:537:6)
2026-06-26 19:22:51 [ERROR]: CORS Error: http://localhost:5000 is not allowed
Error: CORS Error: http://localhost:5000 is not allowed
    at origin (/home/selva/Downloads/projects/AI Business Os/server/src/app.js:83:9)
    at /home/selva/Downloads/projects/AI Business Os/server/node_modules/cors/lib/index.js:219:13
    at optionsCallback (/home/selva/Downloads/projects/AI Business Os/server/node_modules/cors/lib/index.js:199:9)
    at corsMiddleware (/home/selva/Downloads/projects/AI Business Os/server/node_modules/cors/lib/index.js:204:7)
    at Layer.handle [as handle_request] (/home/selva/Downloads/projects/AI Business Os/server/node_modules/express/lib/router/layer.js:95:5)
    at trim_prefix (/home/selva/Downloads/projects/AI Business Os/server/node_modules/express/lib/router/index.js:328:13)
    at /home/selva/Downloads/projects/AI Business Os/server/node_modules/express/lib/router/index.js:286:9
    at Function.process_params (/home/selva/Downloads/projects/AI Business Os/server/node_modules/express/lib/router/index.js:346:12)
    at next (/home/selva/Downloads/projects/AI Business Os/server/node_modules/express/lib/router/index.js:280:10)
    at internalNext (/home/selva/Downloads/projects/AI Business Os/server/node_modules/helmet/index.cjs:537:6)
2026-06-26 20:04:04 [ERROR]: Cannot read properties of undefined (reading 'companyId')
TypeError: Cannot read properties of undefined (reading 'companyId')
    at listProducts (/home/selva/Downloads/projects/AI Business Os/server/src/controllers/inventory.controller.js:8:76)
    at Layer.handle [as handle_request] (/home/selva/Downloads/projects/AI Business Os/server/node_modules/express/lib/router/layer.js:95:5)
    at next (/home/selva/Downloads/projects/AI Business Os/server/node_modules/express/lib/router/route.js:149:13)
    at Route.dispatch (/home/selva/Downloads/projects/AI Business Os/server/node_modules/express/lib/router/route.js:119:3)
    at Layer.handle [as handle_request] (/home/selva/Downloads/projects/AI Business Os/server/node_modules/express/lib/router/layer.js:95:5)
    at /home/selva/Downloads/projects/AI Business Os/server/node_modules/express/lib/router/index.js:284:15
    at Function.process_params (/home/selva/Downloads/projects/AI Business Os/server/node_modules/express/lib/router/index.js:346:12)
    at next (/home/selva/Downloads/projects/AI Business Os/server/node_modules/express/lib/router/index.js:280:10)
    at Function.handle (/home/selva/Downloads/projects/AI Business Os/server/node_modules/express/lib/router/index.js:175:3)
    at router (/home/selva/Downloads/projects/AI Business Os/server/node_modules/express/lib/router/index.js:47:12)
2026-06-26 20:04:04 [ERROR]: Cannot read properties of undefined (reading 'companyId')
TypeError: Cannot read properties of undefined (reading 'companyId')
    at getStock (/home/selva/Downloads/projects/AI Business Os/server/src/controllers/inventory.controller.js:119:61)
    at Layer.handle [as handle_request] (/home/selva/Downloads/projects/AI Business Os/server/node_modules/express/lib/router/layer.js:95:5)
    at next (/home/selva/Downloads/projects/AI Business Os/server/node_modules/express/lib/router/route.js:149:13)
    at Route.dispatch (/home/selva/Downloads/projects/AI Business Os/server/node_modules/express/lib/router/route.js:119:3)
    at Layer.handle [as handle_request] (/home/selva/Downloads/projects/AI Business Os/server/node_modules/express/lib/router/layer.js:95:5)
    at /home/selva/Downloads/projects/AI Business Os/server/node_modules/express/lib/router/index.js:284:15
    at Function.process_params (/home/selva/Downloads/projects/AI Business Os/server/node_modules/express/lib/router/index.js:346:12)
    at next (/home/selva/Downloads/projects/AI Business Os/server/node_modules/express/lib/router/index.js:280:10)
    at Function.handle (/home/selva/Downloads/projects/AI Business Os/server/node_modules/express/lib/router/index.js:175:3)
    at router (/home/selva/Downloads/projects/AI Business Os/server/node_modules/express/lib/router/index.js:47:12)
2026-06-26 20:07:40 [ERROR]: Cast to ObjectId failed for value "timesheets" (type string) at path "_id" for model "Project"
CastError: Cast to ObjectId failed for value "timesheets" (type string) at path "_id" for model "Project"
    at SchemaObjectId.cast (/home/selva/Downloads/projects/AI Business Os/server/node_modules/mongoose/lib/schema/objectId.js:253:11)
    at SchemaType.applySetters (/home/selva/Downloads/projects/AI Business Os/server/node_modules/mongoose/lib/schemaType.js:1288:12)
    at SchemaType.castForQuery (/home/selva/Downloads/projects/AI Business Os/server/node_modules/mongoose/lib/schemaType.js:1718:17)
    at cast (/home/selva/Downloads/projects/AI Business Os/server/node_modules/mongoose/lib/cast.js:390:32)
    at Query.cast (/home/selva/Downloads/projects/AI Business Os/server/node_modules/mongoose/lib/query.js:5060:12)
    at Query._castConditions (/home/selva/Downloads/projects/AI Business Os/server/node_modules/mongoose/lib/query.js:2374:10)
    at model.Query._findOne (/home/selva/Downloads/projects/AI Business Os/server/node_modules/mongoose/lib/query.js:2697:8)
    at model.Query.exec (/home/selva/Downloads/projects/AI Business Os/server/node_modules/mongoose/lib/query.js:4627:80)
    at process.processTicksAndRejections (node:internal/process/task_queues:95:5)
    at async Object.getById (/home/selva/Downloads/projects/AI Business Os/server/src/services/project.service.js:44:19)
2026-06-26 20:08:29 [ERROR]: Cast to ObjectId failed for value "timesheets" (type string) at path "_id" for model "Project"
CastError: Cast to ObjectId failed for value "timesheets" (type string) at path "_id" for model "Project"
    at SchemaObjectId.cast (/home/selva/Downloads/projects/AI Business Os/server/node_modules/mongoose/lib/schema/objectId.js:253:11)
    at SchemaType.applySetters (/home/selva/Downloads/projects/AI Business Os/server/node_modules/mongoose/lib/schemaType.js:1288:12)
    at SchemaType.castForQuery (/home/selva/Downloads/projects/AI Business Os/server/node_modules/mongoose/lib/schemaType.js:1718:17)
    at cast (/home/selva/Downloads/projects/AI Business Os/server/node_modules/mongoose/lib/cast.js:390:32)
    at Query.cast (/home/selva/Downloads/projects/AI Business Os/server/node_modules/mongoose/lib/query.js:5060:12)
    at Query._castConditions (/home/selva/Downloads/projects/AI Business Os/server/node_modules/mongoose/lib/query.js:2374:10)
    at model.Query._findOne (/home/selva/Downloads/projects/AI Business Os/server/node_modules/mongoose/lib/query.js:2697:8)
    at model.Query.exec (/home/selva/Downloads/projects/AI Business Os/server/node_modules/mongoose/lib/query.js:4627:80)
    at process.processTicksAndRejections (node:internal/process/task_queues:95:5)
    at async Object.getById (/home/selva/Downloads/projects/AI Business Os/server/src/services/project.service.js:44:19)
2026-06-26 20:19:57 [ERROR]: CORS Error: http://localhost:5000 is not allowed
Error: CORS Error: http://localhost:5000 is not allowed
    at origin (/home/selva/Downloads/projects/AI Business Os/server/src/app.js:83:9)
    at /home/selva/Downloads/projects/AI Business Os/server/node_modules/cors/lib/index.js:219:13
    at optionsCallback (/home/selva/Downloads/projects/AI Business Os/server/node_modules/cors/lib/index.js:199:9)
    at corsMiddleware (/home/selva/Downloads/projects/AI Business Os/server/node_modules/cors/lib/index.js:204:7)
    at Layer.handle [as handle_request] (/home/selva/Downloads/projects/AI Business Os/server/node_modules/express/lib/router/layer.js:95:5)
    at trim_prefix (/home/selva/Downloads/projects/AI Business Os/server/node_modules/express/lib/router/index.js:328:13)
    at /home/selva/Downloads/projects/AI Business Os/server/node_modules/express/lib/router/index.js:286:9
    at Function.process_params (/home/selva/Downloads/projects/AI Business Os/server/node_modules/express/lib/router/index.js:346:12)
    at next (/home/selva/Downloads/projects/AI Business Os/server/node_modules/express/lib/router/index.js:280:10)
    at internalNext (/home/selva/Downloads/projects/AI Business Os/server/node_modules/helmet/index.cjs:537:6)
2026-06-26 20:23:48 [ERROR]: CORS Error: http://localhost:5000 is not allowed
Error: CORS Error: http://localhost:5000 is not allowed
    at origin (/home/selva/Downloads/projects/AI Business Os/server/src/app.js:83:9)
    at /home/selva/Downloads/projects/AI Business Os/server/node_modules/cors/lib/index.js:219:13
    at optionsCallback (/home/selva/Downloads/projects/AI Business Os/server/node_modules/cors/lib/index.js:199:9)
    at corsMiddleware (/home/selva/Downloads/projects/AI Business Os/server/node_modules/cors/lib/index.js:204:7)
    at Layer.handle [as handle_request] (/home/selva/Downloads/projects/AI Business Os/server/node_modules/express/lib/router/layer.js:95:5)
    at trim_prefix (/home/selva/Downloads/projects/AI Business Os/server/node_modules/express/lib/router/index.js:328:13)
    at /home/selva/Downloads/projects/AI Business Os/server/node_modules/express/lib/router/index.js:286:9
    at Function.process_params (/home/selva/Downloads/projects/AI Business Os/server/node_modules/express/lib/router/index.js:346:12)
    at next (/home/selva/Downloads/projects/AI Business Os/server/node_modules/express/lib/router/index.js:280:10)
    at internalNext (/home/selva/Downloads/projects/AI Business Os/server/node_modules/helmet/index.cjs:537:6)
2026-06-26 20:24:37 [ERROR]: CORS Error: http://localhost:5000 is not allowed
Error: CORS Error: http://localhost:5000 is not allowed
    at origin (/home/selva/Downloads/projects/AI Business Os/server/src/app.js:83:9)
    at /home/selva/Downloads/projects/AI Business Os/server/node_modules/cors/lib/index.js:219:13
    at optionsCallback (/home/selva/Downloads/projects/AI Business Os/server/node_modules/cors/lib/index.js:199:9)
    at corsMiddleware (/home/selva/Downloads/projects/AI Business Os/server/node_modules/cors/lib/index.js:204:7)
    at Layer.handle [as handle_request] (/home/selva/Downloads/projects/AI Business Os/server/node_modules/express/lib/router/layer.js:95:5)
    at trim_prefix (/home/selva/Downloads/projects/AI Business Os/server/node_modules/express/lib/router/index.js:328:13)
    at /home/selva/Downloads/projects/AI Business Os/server/node_modules/express/lib/router/index.js:286:9
    at Function.process_params (/home/selva/Downloads/projects/AI Business Os/server/node_modules/express/lib/router/index.js:346:12)
    at next (/home/selva/Downloads/projects/AI Business Os/server/node_modules/express/lib/router/index.js:280:10)
    at internalNext (/home/selva/Downloads/projects/AI Business Os/server/node_modules/helmet/index.cjs:537:6)
2026-06-26 20:25:15 [ERROR]: CORS Error: http://localhost:5000 is not allowed
Error: CORS Error: http://localhost:5000 is not allowed
    at origin (/home/selva/Downloads/projects/AI Business Os/server/src/app.js:83:9)
    at /home/selva/Downloads/projects/AI Business Os/server/node_modules/cors/lib/index.js:219:13
    at optionsCallback (/home/selva/Downloads/projects/AI Business Os/server/node_modules/cors/lib/index.js:199:9)
    at corsMiddleware (/home/selva/Downloads/projects/AI Business Os/server/node_modules/cors/lib/index.js:204:7)
    at Layer.handle [as handle_request] (/home/selva/Downloads/projects/AI Business Os/server/node_modules/express/lib/router/layer.js:95:5)
    at trim_prefix (/home/selva/Downloads/projects/AI Business Os/server/node_modules/express/lib/router/index.js:328:13)
    at /home/selva/Downloads/projects/AI Business Os/server/node_modules/express/lib/router/index.js:286:9
    at Function.process_params (/home/selva/Downloads/projects/AI Business Os/server/node_modules/express/lib/router/index.js:346:12)
    at next (/home/selva/Downloads/projects/AI Business Os/server/node_modules/express/lib/router/index.js:280:10)
    at internalNext (/home/selva/Downloads/projects/AI Business Os/server/node_modules/helmet/index.cjs:537:6)
2026-06-26 20:27:12 [ERROR]: MongoDB connection error: Could not connect to any servers in your MongoDB Atlas cluster. One common reason is that you're trying to access the database from an IP that isn't whitelisted. Make sure your current IP address is on your Atlas cluster's IP whitelist: https://www.mongodb.com/docs/atlas/security-whitelist/
MongooseServerSelectionError: Could not connect to any servers in your MongoDB Atlas cluster. One common reason is that you're trying to access the database from an IP that isn't whitelisted. Make sure your current IP address is on your Atlas cluster's IP whitelist: https://www.mongodb.com/docs/atlas/security-whitelist/
    at _handleConnectionErrors (/home/selva/Downloads/projects/AI Business Os/server/node_modules/mongoose/lib/connection.js:1169:11)
    at NativeConnection.openUri (/home/selva/Downloads/projects/AI Business Os/server/node_modules/mongoose/lib/connection.js:1100:11)
    at async connectDB (/home/selva/Downloads/projects/AI Business Os/server/src/config/db.js:7:18)
    at async startServer (/home/selva/Downloads/projects/AI Business Os/server/src/app.js:239:5)
2026-06-26 20:29:05 [ERROR]: MongoDB connection error: Could not connect to any servers in your MongoDB Atlas cluster. One common reason is that you're trying to access the database from an IP that isn't whitelisted. Make sure your current IP address is on your Atlas cluster's IP whitelist: https://www.mongodb.com/docs/atlas/security-whitelist/
MongooseServerSelectionError: Could not connect to any servers in your MongoDB Atlas cluster. One common reason is that you're trying to access the database from an IP that isn't whitelisted. Make sure your current IP address is on your Atlas cluster's IP whitelist: https://www.mongodb.com/docs/atlas/security-whitelist/
    at _handleConnectionErrors (/home/selva/Downloads/projects/AI Business Os/server/node_modules/mongoose/lib/connection.js:1169:11)
    at NativeConnection.openUri (/home/selva/Downloads/projects/AI Business Os/server/node_modules/mongoose/lib/connection.js:1100:11)
    at async connectDB (/home/selva/Downloads/projects/AI Business Os/server/src/config/db.js:7:18)
    at async startServer (/home/selva/Downloads/projects/AI Business Os/server/src/app.js:239:5)
2026-06-26 20:29:47 [ERROR]: MongoDB connection error: Could not connect to any servers in your MongoDB Atlas cluster. One common reason is that you're trying to access the database from an IP that isn't whitelisted. Make sure your current IP address is on your Atlas cluster's IP whitelist: https://www.mongodb.com/docs/atlas/security-whitelist/
MongooseServerSelectionError: Could not connect to any servers in your MongoDB Atlas cluster. One common reason is that you're trying to access the database from an IP that isn't whitelisted. Make sure your current IP address is on your Atlas cluster's IP whitelist: https://www.mongodb.com/docs/atlas/security-whitelist/
    at _handleConnectionErrors (/home/selva/Downloads/projects/AI Business Os/server/node_modules/mongoose/lib/connection.js:1169:11)
    at NativeConnection.openUri (/home/selva/Downloads/projects/AI Business Os/server/node_modules/mongoose/lib/connection.js:1100:11)
    at async connectDB (/home/selva/Downloads/projects/AI Business Os/server/src/config/db.js:7:18)
    at async startServer (/home/selva/Downloads/projects/AI Business Os/server/src/app.js:237:5)
2026-06-26 20:31:45 [ERROR]: MongoDB connection error: Could not connect to any servers in your MongoDB Atlas cluster. One common reason is that you're trying to access the database from an IP that isn't whitelisted. Make sure your current IP address is on your Atlas cluster's IP whitelist: https://www.mongodb.com/docs/atlas/security-whitelist/
MongooseServerSelectionError: Could not connect to any servers in your MongoDB Atlas cluster. One common reason is that you're trying to access the database from an IP that isn't whitelisted. Make sure your current IP address is on your Atlas cluster's IP whitelist: https://www.mongodb.com/docs/atlas/security-whitelist/
    at _handleConnectionErrors (/home/selva/Downloads/projects/AI Business Os/server/node_modules/mongoose/lib/connection.js:1169:11)
    at NativeConnection.openUri (/home/selva/Downloads/projects/AI Business Os/server/node_modules/mongoose/lib/connection.js:1100:11)
    at async connectDB (/home/selva/Downloads/projects/AI Business Os/server/src/config/db.js:7:18)
    at async startServer (/home/selva/Downloads/projects/AI Business Os/server/src/app.js:238:5)
2026-06-27 10:40:11 [ERROR]: MongoDB connection error: Could not connect to any servers in your MongoDB Atlas cluster. One common reason is that you're trying to access the database from an IP that isn't whitelisted. Make sure your current IP address is on your Atlas cluster's IP whitelist: https://www.mongodb.com/docs/atlas/security-whitelist/
MongooseServerSelectionError: Could not connect to any servers in your MongoDB Atlas cluster. One common reason is that you're trying to access the database from an IP that isn't whitelisted. Make sure your current IP address is on your Atlas cluster's IP whitelist: https://www.mongodb.com/docs/atlas/security-whitelist/
    at _handleConnectionErrors (/home/selva/Downloads/projects/AI Business Os/server/node_modules/mongoose/lib/connection.js:1169:11)
    at NativeConnection.openUri (/home/selva/Downloads/projects/AI Business Os/server/node_modules/mongoose/lib/connection.js:1100:11)
    at async connectDB (/home/selva/Downloads/projects/AI Business Os/server/src/config/db.js:7:18)
    at async startServer (/home/selva/Downloads/projects/AI Business Os/server/src/app.js:238:5)
2026-06-27 12:44:44 [ERROR]: MongoDB connection error: Could not connect to any servers in your MongoDB Atlas cluster. One common reason is that you're trying to access the database from an IP that isn't whitelisted. Make sure your current IP address is on your Atlas cluster's IP whitelist: https://www.mongodb.com/docs/atlas/security-whitelist/
MongooseServerSelectionError: Could not connect to any servers in your MongoDB Atlas cluster. One common reason is that you're trying to access the database from an IP that isn't whitelisted. Make sure your current IP address is on your Atlas cluster's IP whitelist: https://www.mongodb.com/docs/atlas/security-whitelist/
    at _handleConnectionErrors (/home/selva/Downloads/projects/AI Business Os/server/node_modules/mongoose/lib/connection.js:1169:11)
    at NativeConnection.openUri (/home/selva/Downloads/projects/AI Business Os/server/node_modules/mongoose/lib/connection.js:1100:11)
    at async connectDB (/home/selva/Downloads/projects/AI Business Os/server/src/config/db.js:7:18)
    at async startServer (/home/selva/Downloads/projects/AI Business Os/server/src/app.js:238:5)
2026-06-27 13:19:10 [ERROR]: CORS Error: http://localhost:5000 is not allowed
Error: CORS Error: http://localhost:5000 is not allowed
    at origin (/home/selva/Downloads/projects/AI Business Os/server/src/app.js:84:9)
    at /home/selva/Downloads/projects/AI Business Os/server/node_modules/cors/lib/index.js:219:13
    at optionsCallback (/home/selva/Downloads/projects/AI Business Os/server/node_modules/cors/lib/index.js:199:9)
    at corsMiddleware (/home/selva/Downloads/projects/AI Business Os/server/node_modules/cors/lib/index.js:204:7)
    at Layer.handle [as handle_request] (/home/selva/Downloads/projects/AI Business Os/server/node_modules/express/lib/router/layer.js:95:5)
    at trim_prefix (/home/selva/Downloads/projects/AI Business Os/server/node_modules/express/lib/router/index.js:328:13)
    at /home/selva/Downloads/projects/AI Business Os/server/node_modules/express/lib/router/index.js:286:9
    at Function.process_params (/home/selva/Downloads/projects/AI Business Os/server/node_modules/express/lib/router/index.js:346:12)
    at next (/home/selva/Downloads/projects/AI Business Os/server/node_modules/express/lib/router/index.js:280:10)
    at internalNext (/home/selva/Downloads/projects/AI Business Os/server/node_modules/helmet/index.cjs:537:6)
2026-06-27 13:20:33 [ERROR]: Invalid or expired refresh token
Error: Invalid or expired refresh token
    at Object.refreshToken (/home/selva/Downloads/projects/AI Business Os/server/src/services/auth.service.js:87:11)
    at refreshToken (/home/selva/Downloads/projects/AI Business Os/server/src/controllers/auth.controller.js:28:38)
    at Layer.handle [as handle_request] (/home/selva/Downloads/projects/AI Business Os/server/node_modules/express/lib/router/layer.js:95:5)
    at next (/home/selva/Downloads/projects/AI Business Os/server/node_modules/express/lib/router/route.js:149:13)
    at /home/selva/Downloads/projects/AI Business Os/server/src/middleware/validate.js:11:5
    at Layer.handle [as handle_request] (/home/selva/Downloads/projects/AI Business Os/server/node_modules/express/lib/router/layer.js:95:5)
    at next (/home/selva/Downloads/projects/AI Business Os/server/node_modules/express/lib/router/route.js:149:13)
    at Route.dispatch (/home/selva/Downloads/projects/AI Business Os/server/node_modules/express/lib/router/route.js:119:3)
    at Layer.handle [as handle_request] (/home/selva/Downloads/projects/AI Business Os/server/node_modules/express/lib/router/layer.js:95:5)
    at /home/selva/Downloads/projects/AI Business Os/server/node_modules/express/lib/router/index.js:284:15
2026-06-27 13:23:40 [ERROR]: Invalid email or password
Error: Invalid email or password
    at Object.login (/home/selva/Downloads/projects/AI Business Os/server/src/services/auth.service.js:64:11)
    at process.processTicksAndRejections (node:internal/process/task_queues:95:5)
    at async login (/home/selva/Downloads/projects/AI Business Os/server/src/controllers/auth.controller.js:16:20)
2026-06-27 16:03:57 [ERROR]: Cast to ObjectId failed for value "runs" (type string) at path "_id" for model "Payroll"
CastError: Cast to ObjectId failed for value "runs" (type string) at path "_id" for model "Payroll"
    at SchemaObjectId.cast (/home/selva/Downloads/projects/AI Business Os/server/node_modules/mongoose/lib/schema/objectId.js:253:11)
    at SchemaObjectId.SchemaType.applySetters (/home/selva/Downloads/projects/AI Business Os/server/node_modules/mongoose/lib/schemaType.js:1288:12)
    at SchemaObjectId.SchemaType.castForQuery (/home/selva/Downloads/projects/AI Business Os/server/node_modules/mongoose/lib/schemaType.js:1718:17)
    at cast (/home/selva/Downloads/projects/AI Business Os/server/node_modules/mongoose/lib/cast.js:390:32)
    at model.Query.Query.cast (/home/selva/Downloads/projects/AI Business Os/server/node_modules/mongoose/lib/query.js:5060:12)
    at model.Query.Query._castConditions (/home/selva/Downloads/projects/AI Business Os/server/node_modules/mongoose/lib/query.js:2374:10)
    at model.Query._findOne (/home/selva/Downloads/projects/AI Business Os/server/node_modules/mongoose/lib/query.js:2697:8)
    at model.Query.exec (/home/selva/Downloads/projects/AI Business Os/server/node_modules/mongoose/lib/query.js:4627:80)
    at processTicksAndRejections (node:internal/process/task_queues:95:5)
    at async Object.getPayrollById (/home/selva/Downloads/projects/AI Business Os/server/src/services/hrms.service.ts:1119:19)
2026-06-27 16:03:57 [ERROR]: Cast to ObjectId failed for value "summary" (type string) at path "_id" for model "Payroll"
CastError: Cast to ObjectId failed for value "summary" (type string) at path "_id" for model "Payroll"
    at SchemaObjectId.cast (/home/selva/Downloads/projects/AI Business Os/server/node_modules/mongoose/lib/schema/objectId.js:253:11)
    at SchemaObjectId.SchemaType.applySetters (/home/selva/Downloads/projects/AI Business Os/server/node_modules/mongoose/lib/schemaType.js:1288:12)
    at SchemaObjectId.SchemaType.castForQuery (/home/selva/Downloads/projects/AI Business Os/server/node_modules/mongoose/lib/schemaType.js:1718:17)
    at cast (/home/selva/Downloads/projects/AI Business Os/server/node_modules/mongoose/lib/cast.js:390:32)
    at model.Query.Query.cast (/home/selva/Downloads/projects/AI Business Os/server/node_modules/mongoose/lib/query.js:5060:12)
    at model.Query.Query._castConditions (/home/selva/Downloads/projects/AI Business Os/server/node_modules/mongoose/lib/query.js:2374:10)
    at model.Query._findOne (/home/selva/Downloads/projects/AI Business Os/server/node_modules/mongoose/lib/query.js:2697:8)
    at model.Query.exec (/home/selva/Downloads/projects/AI Business Os/server/node_modules/mongoose/lib/query.js:4627:80)
    at processTicksAndRejections (node:internal/process/task_queues:95:5)
    at async Object.getPayrollById (/home/selva/Downloads/projects/AI Business Os/server/src/services/hrms.service.ts:1119:19)
2026-06-27 16:03:58 [ERROR]: Cast to ObjectId failed for value "summary" (type string) at path "_id" for model "Payroll"
CastError: Cast to ObjectId failed for value "summary" (type string) at path "_id" for model "Payroll"
    at SchemaObjectId.cast (/home/selva/Downloads/projects/AI Business Os/server/node_modules/mongoose/lib/schema/objectId.js:253:11)
    at SchemaObjectId.SchemaType.applySetters (/home/selva/Downloads/projects/AI Business Os/server/node_modules/mongoose/lib/schemaType.js:1288:12)
    at SchemaObjectId.SchemaType.castForQuery (/home/selva/Downloads/projects/AI Business Os/server/node_modules/mongoose/lib/schemaType.js:1718:17)
    at cast (/home/selva/Downloads/projects/AI Business Os/server/node_modules/mongoose/lib/cast.js:390:32)
    at model.Query.Query.cast (/home/selva/Downloads/projects/AI Business Os/server/node_modules/mongoose/lib/query.js:5060:12)
    at model.Query.Query._castConditions (/home/selva/Downloads/projects/AI Business Os/server/node_modules/mongoose/lib/query.js:2374:10)
    at model.Query._findOne (/home/selva/Downloads/projects/AI Business Os/server/node_modules/mongoose/lib/query.js:2697:8)
    at model.Query.exec (/home/selva/Downloads/projects/AI Business Os/server/node_modules/mongoose/lib/query.js:4627:80)
    at processTicksAndRejections (node:internal/process/task_queues:95:5)
    at async Object.getPayrollById (/home/selva/Downloads/projects/AI Business Os/server/src/services/hrms.service.ts:1119:19)
2026-06-27 16:03:58 [ERROR]: Cast to ObjectId failed for value "runs" (type string) at path "_id" for model "Payroll"
CastError: Cast to ObjectId failed for value "runs" (type string) at path "_id" for model "Payroll"
    at SchemaObjectId.cast (/home/selva/Downloads/projects/AI Business Os/server/node_modules/mongoose/lib/schema/objectId.js:253:11)
    at SchemaObjectId.SchemaType.applySetters (/home/selva/Downloads/projects/AI Business Os/server/node_modules/mongoose/lib/schemaType.js:1288:12)
    at SchemaObjectId.SchemaType.castForQuery (/home/selva/Downloads/projects/AI Business Os/server/node_modules/mongoose/lib/schemaType.js:1718:17)
    at cast (/home/selva/Downloads/projects/AI Business Os/server/node_modules/mongoose/lib/cast.js:390:32)
    at model.Query.Query.cast (/home/selva/Downloads/projects/AI Business Os/server/node_modules/mongoose/lib/query.js:5060:12)
    at model.Query.Query._castConditions (/home/selva/Downloads/projects/AI Business Os/server/node_modules/mongoose/lib/query.js:2374:10)
    at model.Query._findOne (/home/selva/Downloads/projects/AI Business Os/server/node_modules/mongoose/lib/query.js:2697:8)
    at model.Query.exec (/home/selva/Downloads/projects/AI Business Os/server/node_modules/mongoose/lib/query.js:4627:80)
    at processTicksAndRejections (node:internal/process/task_queues:95:5)
    at async Object.getPayrollById (/home/selva/Downloads/projects/AI Business Os/server/src/services/hrms.service.ts:1119:19)
2026-06-27 16:04:01 [ERROR]: Cast to ObjectId failed for value "summary" (type string) at path "_id" for model "Payroll"
CastError: Cast to ObjectId failed for value "summary" (type string) at path "_id" for model "Payroll"
    at SchemaObjectId.cast (/home/selva/Downloads/projects/AI Business Os/server/node_modules/mongoose/lib/schema/objectId.js:253:11)
    at SchemaObjectId.SchemaType.applySetters (/home/selva/Downloads/projects/AI Business Os/server/node_modules/mongoose/lib/schemaType.js:1288:12)
    at SchemaObjectId.SchemaType.castForQuery (/home/selva/Downloads/projects/AI Business Os/server/node_modules/mongoose/lib/schemaType.js:1718:17)
    at cast (/home/selva/Downloads/projects/AI Business Os/server/node_modules/mongoose/lib/cast.js:390:32)
    at model.Query.Query.cast (/home/selva/Downloads/projects/AI Business Os/server/node_modules/mongoose/lib/query.js:5060:12)
    at model.Query.Query._castConditions (/home/selva/Downloads/projects/AI Business Os/server/node_modules/mongoose/lib/query.js:2374:10)
    at model.Query._findOne (/home/selva/Downloads/projects/AI Business Os/server/node_modules/mongoose/lib/query.js:2697:8)
    at model.Query.exec (/home/selva/Downloads/projects/AI Business Os/server/node_modules/mongoose/lib/query.js:4627:80)
    at processTicksAndRejections (node:internal/process/task_queues:95:5)
    at async Object.getPayrollById (/home/selva/Downloads/projects/AI Business Os/server/src/services/hrms.service.ts:1119:19)
2026-06-27 16:04:01 [ERROR]: Cast to ObjectId failed for value "runs" (type string) at path "_id" for model "Payroll"
CastError: Cast to ObjectId failed for value "runs" (type string) at path "_id" for model "Payroll"
    at SchemaObjectId.cast (/home/selva/Downloads/projects/AI Business Os/server/node_modules/mongoose/lib/schema/objectId.js:253:11)
    at SchemaObjectId.SchemaType.applySetters (/home/selva/Downloads/projects/AI Business Os/server/node_modules/mongoose/lib/schemaType.js:1288:12)
    at SchemaObjectId.SchemaType.castForQuery (/home/selva/Downloads/projects/AI Business Os/server/node_modules/mongoose/lib/schemaType.js:1718:17)
    at cast (/home/selva/Downloads/projects/AI Business Os/server/node_modules/mongoose/lib/cast.js:390:32)
    at model.Query.Query.cast (/home/selva/Downloads/projects/AI Business Os/server/node_modules/mongoose/lib/query.js:5060:12)
    at model.Query.Query._castConditions (/home/selva/Downloads/projects/AI Business Os/server/node_modules/mongoose/lib/query.js:2374:10)
    at model.Query._findOne (/home/selva/Downloads/projects/AI Business Os/server/node_modules/mongoose/lib/query.js:2697:8)
    at model.Query.exec (/home/selva/Downloads/projects/AI Business Os/server/node_modules/mongoose/lib/query.js:4627:80)
    at processTicksAndRejections (node:internal/process/task_queues:95:5)
    at async Object.getPayrollById (/home/selva/Downloads/projects/AI Business Os/server/src/services/hrms.service.ts:1119:19)
2026-06-27 17:21:49 [ERROR]: Employee not found
Error: Employee not found
    at Object.getEmployeeById (/home/selva/Downloads/projects/AI Business Os/server/src/services/hrms.service.ts:411:24)
    at processTicksAndRejections (node:internal/process/task_queues:95:5)
    at async /home/selva/Downloads/projects/AI Business Os/server/src/controllers/hrms.controller.ts:29:20
2026-06-27 17:21:49 [ERROR]: Employee not found
Error: Employee not found
    at Object.getEmployeeById (/home/selva/Downloads/projects/AI Business Os/server/src/services/hrms.service.ts:411:24)
    at processTicksAndRejections (node:internal/process/task_queues:95:5)
    at async /home/selva/Downloads/projects/AI Business Os/server/src/controllers/hrms.controller.ts:29:20
2026-06-27 18:11:31 [ERROR]: Cast to ObjectId failed for value "dept-1" (type string) at path "departmentId" for model "Employee"
CastError: Cast to ObjectId failed for value "dept-1" (type string) at path "departmentId" for model "Employee"
    at SchemaObjectId.cast (/home/selva/Downloads/projects/AI Business Os/server/node_modules/mongoose/lib/schema/objectId.js:253:11)
    at SchemaObjectId.SchemaType.applySetters (/home/selva/Downloads/projects/AI Business Os/server/node_modules/mongoose/lib/schemaType.js:1288:12)
    at SchemaObjectId.SchemaType.castForQuery (/home/selva/Downloads/projects/AI Business Os/server/node_modules/mongoose/lib/schemaType.js:1718:17)
    at cast (/home/selva/Downloads/projects/AI Business Os/server/node_modules/mongoose/lib/cast.js:390:32)
    at model.Query.Query.cast (/home/selva/Downloads/projects/AI Business Os/server/node_modules/mongoose/lib/query.js:5060:12)
    at model.Query.Query._castConditions (/home/selva/Downloads/projects/AI Business Os/server/node_modules/mongoose/lib/query.js:2374:10)
    at model.Query._find (/home/selva/Downloads/projects/AI Business Os/server/node_modules/mongoose/lib/query.js:2401:8)
    at model.Query.exec (/home/selva/Downloads/projects/AI Business Os/server/node_modules/mongoose/lib/query.js:4627:80)
    at processTicksAndRejections (node:internal/process/task_queues:95:5)
    at async Promise.all (index 0)
2026-06-27 18:11:33 [ERROR]: Cast to ObjectId failed for value "dept-1" (type string) at path "departmentId" for model "Employee"
CastError: Cast to ObjectId failed for value "dept-1" (type string) at path "departmentId" for model "Employee"
    at SchemaObjectId.cast (/home/selva/Downloads/projects/AI Business Os/server/node_modules/mongoose/lib/schema/objectId.js:253:11)
    at SchemaObjectId.SchemaType.applySetters (/home/selva/Downloads/projects/AI Business Os/server/node_modules/mongoose/lib/schemaType.js:1288:12)
    at SchemaObjectId.SchemaType.castForQuery (/home/selva/Downloads/projects/AI Business Os/server/node_modules/mongoose/lib/schemaType.js:1718:17)
    at cast (/home/selva/Downloads/projects/AI Business Os/server/node_modules/mongoose/lib/cast.js:390:32)
    at model.Query.Query.cast (/home/selva/Downloads/projects/AI Business Os/server/node_modules/mongoose/lib/query.js:5060:12)
    at model.Query.Query._castConditions (/home/selva/Downloads/projects/AI Business Os/server/node_modules/mongoose/lib/query.js:2374:10)
    at model.Query._find (/home/selva/Downloads/projects/AI Business Os/server/node_modules/mongoose/lib/query.js:2401:8)
    at model.Query.exec (/home/selva/Downloads/projects/AI Business Os/server/node_modules/mongoose/lib/query.js:4627:80)
    at processTicksAndRejections (node:internal/process/task_queues:95:5)
    at async Promise.all (index 0)
2026-06-27 18:11:35 [ERROR]: Cast to ObjectId failed for value "dept-1" (type string) at path "departmentId" for model "Employee"
CastError: Cast to ObjectId failed for value "dept-1" (type string) at path "departmentId" for model "Employee"
    at SchemaObjectId.cast (/home/selva/Downloads/projects/AI Business Os/server/node_modules/mongoose/lib/schema/objectId.js:253:11)
    at SchemaObjectId.SchemaType.applySetters (/home/selva/Downloads/projects/AI Business Os/server/node_modules/mongoose/lib/schemaType.js:1288:12)
    at SchemaObjectId.SchemaType.castForQuery (/home/selva/Downloads/projects/AI Business Os/server/node_modules/mongoose/lib/schemaType.js:1718:17)
    at cast (/home/selva/Downloads/projects/AI Business Os/server/node_modules/mongoose/lib/cast.js:390:32)
    at model.Query.Query.cast (/home/selva/Downloads/projects/AI Business Os/server/node_modules/mongoose/lib/query.js:5060:12)
    at model.Query.Query._castConditions (/home/selva/Downloads/projects/AI Business Os/server/node_modules/mongoose/lib/query.js:2374:10)
    at model.Query._find (/home/selva/Downloads/projects/AI Business Os/server/node_modules/mongoose/lib/query.js:2401:8)
    at model.Query.exec (/home/selva/Downloads/projects/AI Business Os/server/node_modules/mongoose/lib/query.js:4627:80)
    at processTicksAndRejections (node:internal/process/task_queues:95:5)
    at async Promise.all (index 0)
2026-06-27 18:39:53 [ERROR]: CORS Error: http://localhost:5000 is not allowed
Error: CORS Error: http://localhost:5000 is not allowed
    at origin (/home/selva/Downloads/projects/AI Business Os/server/src/app.ts:78:9)
    at /home/selva/Downloads/projects/AI Business Os/server/node_modules/cors/lib/index.js:219:13
    at optionsCallback (/home/selva/Downloads/projects/AI Business Os/server/node_modules/cors/lib/index.js:199:9)
    at corsMiddleware (/home/selva/Downloads/projects/AI Business Os/server/node_modules/cors/lib/index.js:204:7)
    at Layer.handle [as handle_request] (/home/selva/Downloads/projects/AI Business Os/server/node_modules/express/lib/router/layer.js:95:5)
    at trim_prefix (/home/selva/Downloads/projects/AI Business Os/server/node_modules/express/lib/router/index.js:328:13)
    at /home/selva/Downloads/projects/AI Business Os/server/node_modules/express/lib/router/index.js:286:9
    at Function.process_params (/home/selva/Downloads/projects/AI Business Os/server/node_modules/express/lib/router/index.js:346:12)
    at next (/home/selva/Downloads/projects/AI Business Os/server/node_modules/express/lib/router/index.js:280:10)
    at internalNext (/home/selva/Downloads/projects/AI Business Os/server/node_modules/helmet/index.cjs:537:6)
2026-06-27 18:39:54 [ERROR]: CORS Error: http://localhost:5000 is not allowed
Error: CORS Error: http://localhost:5000 is not allowed
    at origin (/home/selva/Downloads/projects/AI Business Os/server/src/app.ts:78:9)
    at /home/selva/Downloads/projects/AI Business Os/server/node_modules/cors/lib/index.js:219:13
    at optionsCallback (/home/selva/Downloads/projects/AI Business Os/server/node_modules/cors/lib/index.js:199:9)
    at corsMiddleware (/home/selva/Downloads/projects/AI Business Os/server/node_modules/cors/lib/index.js:204:7)
    at Layer.handle [as handle_request] (/home/selva/Downloads/projects/AI Business Os/server/node_modules/express/lib/router/layer.js:95:5)
    at trim_prefix (/home/selva/Downloads/projects/AI Business Os/server/node_modules/express/lib/router/index.js:328:13)
    at /home/selva/Downloads/projects/AI Business Os/server/node_modules/express/lib/router/index.js:286:9
    at Function.process_params (/home/selva/Downloads/projects/AI Business Os/server/node_modules/express/lib/router/index.js:346:12)
    at next (/home/selva/Downloads/projects/AI Business Os/server/node_modules/express/lib/router/index.js:280:10)
    at internalNext (/home/selva/Downloads/projects/AI Business Os/server/node_modules/helmet/index.cjs:537:6)
2026-06-27 18:43:51 [ERROR]: Employee profile not found for this user
Error: Employee profile not found for this user
    at getEmployeeIdFromUser (/home/selva/Downloads/projects/AI Business Os/server/src/services/hrms.service.ts:1011:19)
    at processTicksAndRejections (node:internal/process/task_queues:95:5)
    at async Object.createLeaveRequest (/home/selva/Downloads/projects/AI Business Os/server/src/services/hrms.service.ts:875:32)
    at async /home/selva/Downloads/projects/AI Business Os/server/src/controllers/hrms.controller.ts:174:19
2026-06-27 18:50:49 [ERROR]: Employee profile not found for this user
Error: Employee profile not found for this user
    at getEmployeeIdFromUser (/home/selva/Downloads/projects/AI Business Os/server/src/services/hrms.service.ts:1011:19)
    at processTicksAndRejections (node:internal/process/task_queues:95:5)
    at async Object.createLeaveRequest (/home/selva/Downloads/projects/AI Business Os/server/src/services/hrms.service.ts:875:32)
    at async /home/selva/Downloads/projects/AI Business Os/server/src/controllers/hrms.controller.ts:174:19
2026-06-27 18:56:20 [ERROR]: Employee profile not found for this user
Error: Employee profile not found for this user
    at getEmployeeIdFromUser (/home/selva/Downloads/projects/AI Business Os/server/src/services/hrms.service.ts:1011:19)
    at processTicksAndRejections (node:internal/process/task_queues:95:5)
    at async Object.createLeaveRequest (/home/selva/Downloads/projects/AI Business Os/server/src/services/hrms.service.ts:875:32)
    at async /home/selva/Downloads/projects/AI Business Os/server/src/controllers/hrms.controller.ts:174:19
2026-06-27 18:57:33 [ERROR]: Employee profile not found for this user
Error: Employee profile not found for this user
    at getEmployeeIdFromUser (/home/selva/Downloads/projects/AI Business Os/server/src/services/hrms.service.ts:1011:19)
    at processTicksAndRejections (node:internal/process/task_queues:95:5)
    at async Object.createLeaveRequest (/home/selva/Downloads/projects/AI Business Os/server/src/services/hrms.service.ts:875:32)
    at async /home/selva/Downloads/projects/AI Business Os/server/src/controllers/hrms.controller.ts:174:19
2026-06-27 19:11:55 [ERROR]: Cast to ObjectId failed for value "undefined" (type string) at path "_id" for model "Department"
CastError: Cast to ObjectId failed for value "undefined" (type string) at path "_id" for model "Department"
    at SchemaObjectId.cast (/home/selva/Downloads/projects/AI Business Os/server/node_modules/mongoose/lib/schema/objectId.js:253:11)
    at SchemaObjectId.SchemaType.applySetters (/home/selva/Downloads/projects/AI Business Os/server/node_modules/mongoose/lib/schemaType.js:1288:12)
    at SchemaObjectId.SchemaType.castForQuery (/home/selva/Downloads/projects/AI Business Os/server/node_modules/mongoose/lib/schemaType.js:1718:17)
    at SchemaObjectId.handleSingle (/home/selva/Downloads/projects/AI Business Os/server/node_modules/mongoose/lib/schemaType.js:1641:15)
    at SchemaObjectId.SchemaType.castForQuery (/home/selva/Downloads/projects/AI Business Os/server/node_modules/mongoose/lib/schemaType.js:1714:20)
    at cast (/home/selva/Downloads/projects/AI Business Os/server/node_modules/mongoose/lib/cast.js:367:39)
    at model.Query.Query.cast (/home/selva/Downloads/projects/AI Business Os/server/node_modules/mongoose/lib/query.js:5060:12)
    at model.Query.Query._castConditions (/home/selva/Downloads/projects/AI Business Os/server/node_modules/mongoose/lib/query.js:2374:10)
    at model.Query._findOne (/home/selva/Downloads/projects/AI Business Os/server/node_modules/mongoose/lib/query.js:2697:8)
    at model.Query.exec (/home/selva/Downloads/projects/AI Business Os/server/node_modules/mongoose/lib/query.js:4627:80)
